running egg_info
creating ../../../build/rover_hardware/rover_hardware.egg-info
writing ../../../build/rover_hardware/rover_hardware.egg-info/PKG-INFO
writing dependency_links to ../../../build/rover_hardware/rover_hardware.egg-info/dependency_links.txt
writing entry points to ../../../build/rover_hardware/rover_hardware.egg-info/entry_points.txt
writing requirements to ../../../build/rover_hardware/rover_hardware.egg-info/requires.txt
writing top-level names to ../../../build/rover_hardware/rover_hardware.egg-info/top_level.txt
writing manifest file '../../../build/rover_hardware/rover_hardware.egg-info/SOURCES.txt'
reading manifest file '../../../build/rover_hardware/rover_hardware.egg-info/SOURCES.txt'
writing manifest file '../../../build/rover_hardware/rover_hardware.egg-info/SOURCES.txt'
running build
running build_py
creating /home/yurmne/Documents/Coding/School/nbrobotics/CIRC_2025_roverROS/rover_ws/build/rover_hardware/build
creating /home/yurmne/Documents/Coding/School/nbrobotics/CIRC_2025_roverROS/rover_ws/build/rover_hardware/build/lib
creating /home/yurmne/Documents/Coding/School/nbrobotics/CIRC_2025_roverROS/rover_ws/build/rover_hardware/build/lib/rover_hardware
copying rover_hardware/__init__.py -> /home/yurmne/Documents/Coding/School/nbrobotics/CIRC_2025_roverROS/rover_ws/build/rover_hardware/build/lib/rover_hardware
copying rover_hardware/ros2_mcu_bridge.py -> /home/yurmne/Documents/Coding/School/nbrobotics/CIRC_2025_roverROS/rover_ws/build/rover_hardware/build/lib/rover_hardware
running install
running install_lib
creating /home/yurmne/Documents/Coding/School/nbrobotics/CIRC_2025_roverROS/rover_ws/install/rover_hardware/lib/python3.10/site-packages/rover_hardware
copying /home/yurmne/Documents/Coding/School/nbrobotics/CIRC_2025_roverROS/rover_ws/build/rover_hardware/build/lib/rover_hardware/__init__.py -> /home/yurmne/Documents/Coding/School/nbrobotics/CIRC_2025_roverROS/rover_ws/install/rover_hardware/lib/python3.10/site-packages/rover_hardware
copying /home/yurmne/Documents/Coding/School/nbrobotics/CIRC_2025_roverROS/rover_ws/build/rover_hardware/build/lib/rover_hardware/ros2_mcu_bridge.py -> /home/yurmne/Documents/Coding/School/nbrobotics/CIRC_2025_roverROS/rover_ws/install/rover_hardware/lib/python3.10/site-packages/rover_hardware
byte-compiling /home/yurmne/Documents/Coding/School/nbrobotics/CIRC_2025_roverROS/rover_ws/install/rover_hardware/lib/python3.10/site-packages/rover_hardware/__init__.py to __init__.cpython-310.pyc
byte-compiling /home/yurmne/Documents/Coding/School/nbrobotics/CIRC_2025_roverROS/rover_ws/install/rover_hardware/lib/python3.10/site-packages/rover_hardware/ros2_mcu_bridge.py to ros2_mcu_bridge.cpython-310.pyc
running install_data
creating /home/yurmne/Documents/Coding/School/nbrobotics/CIRC_2025_roverROS/rover_ws/install/rover_hardware/share/ament_index
creating /home/yurmne/Documents/Coding/School/nbrobotics/CIRC_2025_roverROS/rover_ws/install/rover_hardware/share/ament_index/resource_index
creating /home/yurmne/Documents/Coding/School/nbrobotics/CIRC_2025_roverROS/rover_ws/install/rover_hardware/share/ament_index/resource_index/packages
copying resource/rover_hardware -> /home/yurmne/Documents/Coding/School/nbrobotics/CIRC_2025_roverROS/rover_ws/install/rover_hardware/share/ament_index/resource_index/packages
copying package.xml -> /home/yurmne/Documents/Coding/School/nbrobotics/CIRC_2025_roverROS/rover_ws/install/rover_hardware/share/rover_hardware
running install_egg_info
Copying ../../../build/rover_hardware/rover_hardware.egg-info to /home/yurmne/Documents/Coding/School/nbrobotics/CIRC_2025_roverROS/rover_ws/install/rover_hardware/lib/python3.10/site-packages/rover_hardware-0.0.0-py3.10.egg-info
running install_scripts
writing list of installed files to '/home/yurmne/Documents/Coding/School/nbrobotics/CIRC_2025_roverROS/rover_ws/build/rover_hardware/install.log'
